<?xml version="1.0" encoding="UTF-8"?>
<!-- Generated by org.testng.reporters.JUnitXMLReporter -->
<testsuite hostname="DESKTOP-AAEMRI1" ignored="0" name="ClickTest" tests="1" failures="0" timestamp="2020-12-29T18:24:15 IST" time="14.929" errors="0">
  <testcase name="@BeforeTest setup" time="14.6" classname="Utility.Base">
    <failure type="org.openqa.selenium.SessionNotCreatedException" message="session not created: This version of ChromeDriver only supports Chrome version 85
Build info: version: &amp;apos;3.141.59&amp;apos;, revision: &amp;apos;e82be7d358&amp;apos;, time: &amp;apos;2018-11-14T08:25:48&amp;apos;
System info: host: &amp;apos;DESKTOP-AAEMRI1&amp;apos;, ip: &amp;apos;192.168.0.103&amp;apos;, os.name: &amp;apos;Windows 10&amp;apos;, os.arch: &amp;apos;amd64&amp;apos;, os.version: &amp;apos;10.0&amp;apos;, java.version: &amp;apos;1.8.0_162&amp;apos;
Driver info: driver.version: ChromeDriver
remote stacktrace: Backtrace:
	Ordinal0 [0x0079D343+3134275]
	Ordinal0 [0x0068A131+2007345]
	Ordinal0 [0x0052AEC8+569032]
	Ordinal0 [0x004B139F+70559]
	Ordinal0 [0x004ACC63+52323]
	Ordinal0 [0x004D0DFC+200188]
	Ordinal0 [0x004D0C1D+199709]
	Ordinal0 [0x004CEB0B+191243]
	Ordinal0 [0x004B2E77+77431]
	Ordinal0 [0x004B3E3E+81470]
	Ordinal0 [0x004B3DC9+81353]
	Ordinal0 [0x006A0C99+2100377]
	GetHandleVerifier [0x0090B71A+1396954]
	GetHandleVerifier [0x0090B399+1396057]
	GetHandleVerifier [0x009170E6+1444518]
	GetHandleVerifier [0x0090BCA8+1398376]
	Ordinal0 [0x00697F11+2064145]
	Ordinal0 [0x006A22AB+2106027]
	Ordinal0 [0x006A23D1+2106321]
	Ordinal0 [0x006B4984+2181508]
	BaseThreadInitThunk [0x75206359+25]
	RtlGetAppContainerNamedObjectPath [0x773D8944+228]
	RtlGetAppContainerNamedObjectPath [0x773D8914+180]
">
      <![CDATA[org.openqa.selenium.SessionNotCreatedException: session not created: This version of ChromeDriver only supports Chrome version 85
Build info: version: '3.141.59', revision: 'e82be7d358', time: '2018-11-14T08:25:48'
System info: host: 'DESKTOP-AAEMRI1', ip: '192.168.0.103', os.name: 'Windows 10', os.arch: 'amd64', os.version: '10.0', java.version: '1.8.0_162'
Driver info: driver.version: ChromeDriver
remote stacktrace: Backtrace:
Ordinal0 [0x0079D343+3134275]
Ordinal0 [0x0068A131+2007345]
Ordinal0 [0x0052AEC8+569032]
Ordinal0 [0x004B139F+70559]
Ordinal0 [0x004ACC63+52323]
Ordinal0 [0x004D0DFC+200188]
Ordinal0 [0x004D0C1D+199709]
Ordinal0 [0x004CEB0B+191243]
Ordinal0 [0x004B2E77+77431]
Ordinal0 [0x004B3E3E+81470]
Ordinal0 [0x004B3DC9+81353]
Ordinal0 [0x006A0C99+2100377]
GetHandleVerifier [0x0090B71A+1396954]
GetHandleVerifier [0x0090B399+1396057]
GetHandleVerifier [0x009170E6+1444518]
GetHandleVerifier [0x0090BCA8+1398376]
Ordinal0 [0x00697F11+2064145]
Ordinal0 [0x006A22AB+2106027]
Ordinal0 [0x006A23D1+2106321]
Ordinal0 [0x006B4984+2181508]
BaseThreadInitThunk [0x75206359+25]
RtlGetAppContainerNamedObjectPath [0x773D8944+228]
RtlGetAppContainerNamedObjectPath [0x773D8914+180]

at org.openqa.selenium.remote.W3CHandshakeResponse.lambda$errorHandler$0(W3CHandshakeResponse.java:62)
at org.openqa.selenium.remote.HandshakeResponse.lambda$getResponseFunction$0(HandshakeResponse.java:30)
at org.openqa.selenium.remote.ProtocolHandshake.lambda$createSession$0(ProtocolHandshake.java:126)
at java.util.stream.ReferencePipeline$3$1.accept(ReferencePipeline.java:193)
at java.util.Spliterators$ArraySpliterator.tryAdvance(Spliterators.java:958)
at java.util.stream.ReferencePipeline.forEachWithCancel(ReferencePipeline.java:126)
at java.util.stream.AbstractPipeline.copyIntoWithCancel(AbstractPipeline.java:498)
at java.util.stream.AbstractPipeline.copyInto(AbstractPipeline.java:485)
at java.util.stream.AbstractPipeline.wrapAndCopyInto(AbstractPipeline.java:471)
at java.util.stream.FindOps$FindOp.evaluateSequential(FindOps.java:152)
at java.util.stream.AbstractPipeline.evaluate(AbstractPipeline.java:234)
at java.util.stream.ReferencePipeline.findFirst(ReferencePipeline.java:464)
at org.openqa.selenium.remote.ProtocolHandshake.createSession(ProtocolHandshake.java:128)
at org.openqa.selenium.remote.ProtocolHandshake.createSession(ProtocolHandshake.java:74)
at org.openqa.selenium.remote.HttpCommandExecutor.execute(HttpCommandExecutor.java:136)
at org.openqa.selenium.remote.service.DriverCommandExecutor.execute(DriverCommandExecutor.java:83)
at org.openqa.selenium.remote.RemoteWebDriver.execute(RemoteWebDriver.java:552)
at org.openqa.selenium.remote.RemoteWebDriver.startSession(RemoteWebDriver.java:213)
at org.openqa.selenium.remote.RemoteWebDriver.<init>(RemoteWebDriver.java:131)
at org.openqa.selenium.chrome.ChromeDriver.<init>(ChromeDriver.java:181)
at org.openqa.selenium.chrome.ChromeDriver.<init>(ChromeDriver.java:168)
at org.openqa.selenium.chrome.ChromeDriver.<init>(ChromeDriver.java:123)
at Utility.Base.setup(Base.java:42)
... Removed 28 stack frames]]>
    </failure>
  </testcase> <!-- @BeforeTest setup -->
  <testcase name="clickTest" time="0.0" classname="TestCases.Test_1">
    <skipped/>
  </testcase> <!-- clickTest -->
</testsuite> <!-- ClickTest -->
